<?xml version="1.0" encoding="UTF-8"?>
<testsuite xmlns:xsi="http://www.w3.org/2001/XMLSchema-instance" xsi:noNamespaceSchemaLocation="https://maven.apache.org/surefire/maven-surefire-plugin/xsd/surefire-test-report-3.0.xsd" version="3.0" name="TestSuite" time="73.771" tests="6" errors="0" skipped="0" failures="0">
  <properties>
[...]
</properties>
  <testcase name="loginDDT[TC01, tomsmith, SuperSecretPassword!, SUCCESS](1)" classname="tests.LoginDDTTest" time="3.695">
    <system-out><![CDATA[[TC01] expected=SUCCESS => PASSED | msg=You logged into a secure area! ×
]]></system-out>
    <system-err><![CDATA[SLF4J: Failed to load class "org.slf4j.impl.StaticLoggerBinder".
SLF4J: Defaulting to no-operation (NOP) logger implementation
SLF4J: See http://www.slf4j.org/codes.html#StaticLoggerBinder for further details.
ERROR StatusLogger Log4j2 could not find a logging implementation. Please add log4j-core to the classpath. Using SimpleLogger to log to the console...
янв. 30, 2026 6:23:25 PM org.openqa.selenium.remote.tracing.opentelemetry.OpenTelemetryTracer createTracer
INFO: Using OpenTelemetry for tracing
]]></system-err>
  </testcase>
  <testcase name="loginDDT[TC02, tomsmith, wrongpassword, ERROR](2)" classname="tests.LoginDDTTest" time="5.15">
    <system-out><![CDATA[[TC02] expected=ERROR => PASSED | msg=Your password is invalid! ×
]]></system-out>
  </testcase>
  <testcase name="loginDDT[TC03, wronguser, SuperSecretPassword!, ERROR](3)" classname="tests.LoginDDTTest" time="5.046">
    <system-out><![CDATA[[TC03] expected=ERROR => PASSED | msg=Your username is invalid! ×
]]></system-out>
  </testcase>
  <testcase name="loginDDT[TC04, wronguser, wrongpassword, ERROR](4)" classname="tests.LoginDDTTest" time="4.291">
    <system-out><![CDATA[[TC04] expected=ERROR => PASSED | msg=Your username is invalid! ×
]]></system-out>
  </testcase>
  <testcase name="loginDDT[TC05, , SuperSecretPassword!, ERROR](5)" classname="tests.LoginDDTTest" time="6.194">
    <system-out><![CDATA[[TC05] expected=ERROR => PASSED | msg=Your username is invalid! ×
]]></system-out>
  </testcase>
  <testcase name="loginDDT[TC06, tomsmith, , ERROR](6)" classname="tests.LoginDDTTest" time="6.297">
    <system-out><![CDATA[[TC06] expected=ERROR => PASSED | msg=Your password is invalid! ×
]]></system-out>
  </testcase>
</testsuite>