<?xml version="1.0" encoding="UTF-8"?>
<!-- Generated by org.testng.reporters.JUnitXMLReporter -->
<testsuite ignored="0" hostname="Armans-MacBook-Air.local" failures="0" tests="6" name="Login DDT" time="73.568" errors="0" timestamp="2026-01-30T18:24:38 GMT+05:00">
  <testcase classname="tests.LoginDDTTest" name="loginDDT" time="3.693"/>
  <testcase classname="tests.LoginDDTTest" name="loginDDT" time="5.147"/>
  <testcase classname="tests.LoginDDTTest" name="loginDDT" time="5.045"/>
  <testcase classname="tests.LoginDDTTest" name="loginDDT" time="4.291"/>
  <testcase classname="tests.LoginDDTTest" name="loginDDT" time="6.193"/>
  <testcase classname="tests.LoginDDTTest" name="loginDDT" time="6.294"/>
</testsuite> <!-- Login DDT -->
