<?xml version="1.0" encoding="UTF-8"?>
<!-- Generated by org.testng.reporters.JUnitReportReporter -->
<testsuite hostname="Armans-MacBook-Air.local" failures="0" tests="6" name="tests.LoginDDTTest" time="73.318" errors="0" timestamp="2026-01-30T18:24:38 GMT+05:00" skipped="0">
  <testcase classname="tests.LoginDDTTest" name="loginDDT" time="13.401"/>
  <testcase classname="tests.LoginDDTTest" name="loginDDT" time="12.478"/>
  <testcase classname="tests.LoginDDTTest" name="loginDDT" time="12.309"/>
  <testcase classname="tests.LoginDDTTest" name="loginDDT" time="11.750"/>
  <testcase classname="tests.LoginDDTTest" name="loginDDT" time="10.778"/>
  <testcase classname="tests.LoginDDTTest" name="loginDDT" time="12.602"/>
</testsuite> <!-- tests.LoginDDTTest -->
